<?xml version="1.0" encoding="UTF-8"?>
<!-- Generated by org.testng.reporters.JUnitReportReporter -->
<testsuite skipped="1" hostname="DESKTOP-4I3I27O" name="PopHandle" tests="2" failures="0" timestamp="2020-05-15T21:25:24 IST" time="17.821" errors="0">
  <testcase name="PopupDissmiss" time="17.821" classname="PopHandle"/>
  <testcase name="popup" classname="PopHandle">
    <skipped/>
  </testcase> <!-- popup -->
</testsuite> <!-- PopHandle -->
