<?xml version="1.0" encoding="UTF-8"?>
<!-- Generated by org.testng.reporters.JUnitReportReporter -->
<testsuite skipped="0" hostname="DESKTOP-4I3I27O" name="ClickOnPicture" tests="1" failures="0" timestamp="2020-04-11T00:45:06 IST" time="15.565" errors="0">
  <testcase name="picClick" time="15.565" classname="ClickOnPicture"/>
</testsuite> <!-- ClickOnPicture -->
