<?xml version="1.0" encoding="UTF-8"?>
<!-- Generated by org.testng.reporters.JUnitReportReporter -->
<testsuite skipped="1" hostname="DESKTOP-4I3I27O" name="MouseAndKeyBoardEvents" tests="2" failures="0" timestamp="2020-04-15T17:18:25 IST" time="20.319" errors="0">
  <testcase name="AllActions" time="20.319" classname="MouseAndKeyBoardEvents"/>
  <testcase name="MouseEvent" classname="MouseAndKeyBoardEvents">
    <skipped/>
  </testcase> <!-- MouseEvent -->
</testsuite> <!-- MouseAndKeyBoardEvents -->
