<?xml version="1.0" encoding="UTF-8"?>
<!-- Generated by org.testng.reporters.JUnitReportReporter -->
<testsuite skipped="0" hostname="DESKTOP-4I3I27O" name="WebTables" tests="1" failures="0" timestamp="2020-04-24T14:01:46 IST" time="18.354" errors="0">
  <testcase name="WebTableHandle" time="18.354" classname="WebTables"/>
</testsuite> <!-- WebTables -->
