<?xml version="1.0" encoding="UTF-8"?>
<!-- Generated by org.testng.reporters.JUnitReportReporter -->
<testsuite skipped="1" hostname="DESKTOP-4I3I27O" name="UploadFile" tests="2" failures="0" timestamp="2020-05-15T21:27:33 IST" time="94.903" errors="0">
  <testcase name="DownloadFile" time="94.903" classname="UploadFile"/>
  <testcase name="UploadAFile" classname="UploadFile">
    <skipped/>
  </testcase> <!-- UploadAFile -->
</testsuite> <!-- UploadFile -->
