<?xml version="1.0" encoding="UTF-8"?>
<!-- Generated by org.testng.reporters.JUnitReportReporter -->
<testsuite skipped="0" hostname="DESKTOP-4I3I27O" name="MIAgents" tests="1" failures="0" timestamp="2020-04-21T19:07:13 IST" time="30.391" errors="0">
  <testcase name="MIHomesPage" time="30.391" classname="MIAgents"/>
</testsuite> <!-- MIAgents -->
