<?xml version="1.0" encoding="UTF-8"?>
<!-- Generated by org.testng.reporters.JUnitReportReporter -->
<testsuite skipped="0" hostname="DESKTOP-4I3I27O" name="DropDown" tests="1" failures="0" timestamp="2020-04-23T17:10:01 IST" time="15.812" errors="0">
  <testcase name="SelectDropdown" time="15.812" classname="DropDown"/>
</testsuite> <!-- DropDown -->
