<?xml version="1.0" encoding="UTF-8"?>
<!-- Generated by org.testng.reporters.JUnitReportReporter -->
<testsuite skipped="0" hostname="DESKTOP-4I3I27O" name="MIHomes" tests="1" failures="0" timestamp="2020-04-21T16:57:28 IST" time="26.323" errors="0">
  <testcase name="MIHomesPage" time="26.323" classname="MIHomes"/>
</testsuite> <!-- MIHomes -->
